---------- Date: 2017-11-06 10:33:55 ~ IP : 85.90.203.74 ----------
REQUEST URI : /admin/index.php?route=catalog/product/update&amp;token=82ac0d1b0e5f8793e080de952fde3a74&amp;product_id=171365&amp;filter_name=%D0%BA%D1%80%D0%B0%D0%BF%D0%B0%D0%BB%D1%8C&amp;filter_name=%D0%BA%D1%80%D0%B0%D0%BF%D0%B0%D0%BB%D1%8C&amp;sort=pd.name&amp;order=ASC
MOD DETAILS:
   modFile   : /var/www/fisherway/data/www/fisherway.com.ua/vqmod/xml/add-product-1.5.6.1.xml
   id        : ADD PRODUCT IN ONE PAGE
   version   : 1
   vqmver    : 2.3.x
   author    : noan

File Name    : admin/view/template/catalog/product_form.tpl(0)
VQModObject::applyMod - SEARCH NOT FOUND (ABORTING MOD): <div id="tabs" class="htabs"><a href="#tab-general"><?php echo $tab_general; ?></a><a href="#tab-data"><?php echo $tab_data; ?></a><a href="#tab-links"><?php echo $tab_links; ?></a><a href="#tab-attribute"><?php echo $tab_attribute; ?></a><a href="#tab-option"><?php echo $tab_option; ?></a><a href="#tab-profile"><?php echo $tab_profile; ?></a><a href="#tab-discount"><?php echo $tab_discount; ?></a><a href="#tab-special"><?php echo $tab_special; ?></a><a href="#tab-image"><?php echo $tab_image; ?></a><a href="#tab-reward"><?php echo $tab_reward; ?></a><a href="#tab-design"><?php echo $tab_design; ?></a></div>

----------------------------------------------------------------------


---------- Date: 2017-11-06 19:41:21 ~ IP : 81.19.78.134 ----------
REQUEST URI : /index.php?route=product/latest&amp;utm_source=eSputnik-promo&amp;utm_medium=email&amp;utm_campaign=Rassylka_Obshaja_06%2C11%2C2017&amp;utm_content=100209456
MOD DETAILS:
   modFile   : /var/www/fisherway/data/www/fisherway.com.ua/vqmod/xml/additional.xml
   id        : additional fix
   version   : 1.0
   vqmver    : 1.0.8
   author    : max

File Name    : catalog/view/theme/*/template/module/cart.tpl(0)
VQModObject::applyMod - SEARCH NOT FOUND (ABORTING MOD): <a href="<?php echo $checkout; ?>" class="button"></a>

----------------------------------------------------------------------


---------- Date: 2017-11-06 19:41:21 ~ IP : 92.113.118.33 ----------
REQUEST URI : /404.html
MOD DETAILS:
   modFile   : /var/www/fisherway/data/www/fisherway.com.ua/vqmod/xml/additional.xml
   id        : additional fix
   version   : 1.0
   vqmver    : 1.0.8
   author    : max

File Name    : catalog/view/theme/*/template/module/cart.tpl(0)
VQModObject::applyMod - SEARCH NOT FOUND (ABORTING MOD): <a href="<?php echo $checkout; ?>" class="button"></a>

----------------------------------------------------------------------


---------- Date: 2017-11-06 19:41:21 ~ IP : 81.19.78.134 ----------
REQUEST URI : /index.php?route=product/special&amp;sort=ps.price&amp;order=DESC&amp;utm_source=eSputnik-promo&amp;utm_medium=email&amp;utm_campaign=Rassylka_Obshaja_06%2C11%2C2017&amp;utm_content=22300300
MOD DETAILS:
   modFile   : /var/www/fisherway/data/www/fisherway.com.ua/vqmod/xml/additional.xml
   id        : additional fix
   version   : 1.0
   vqmver    : 1.0.8
   author    : max

File Name    : catalog/view/theme/*/template/module/cart.tpl(0)
VQModObject::applyMod - SEARCH NOT FOUND (ABORTING MOD): <a href="<?php echo $checkout; ?>" class="button"></a>

----------------------------------------------------------------------


---------- Date: 2017-11-06 19:41:21 ~ IP : 78.111.187.75 ----------
REQUEST URI : /404.html
MOD DETAILS:
   modFile   : /var/www/fisherway/data/www/fisherway.com.ua/vqmod/xml/additional.xml
   id        : additional fix
   version   : 1.0
   vqmver    : 1.0.8
   author    : max

File Name    : catalog/view/theme/*/template/module/cart.tpl(0)
VQModObject::applyMod - SEARCH NOT FOUND (ABORTING MOD): <a href="<?php echo $checkout; ?>" class="button"></a>

----------------------------------------------------------------------


---------- Date: 2017-11-06 19:41:21 ~ IP : 81.19.78.134 ----------
REQUEST URI : /index.php?route=product/special&amp;utm_source=eSputnik-promo&amp;utm_medium=email&amp;utm_campaign=Rassylka_Obshaja_06%2C11%2C2017&amp;utm_content=87139118
MOD DETAILS:
   modFile   : /var/www/fisherway/data/www/fisherway.com.ua/vqmod/xml/additional.xml
   id        : additional fix
   version   : 1.0
   vqmver    : 1.0.8
   author    : max

File Name    : catalog/view/theme/*/template/module/cart.tpl(0)
VQModObject::applyMod - SEARCH NOT FOUND (ABORTING MOD): <a href="<?php echo $checkout; ?>" class="button"></a>

----------------------------------------------------------------------


