---------- Date: 2017-10-31 14:00:33 ~ IP : 194.31.44.52 ----------
REQUEST URI : /osnastka/zakorm/carp-PVA-materialy
MOD DETAILS:
   modFile   : /var/www/fisherway/data/www/fisherway.com.ua/vqmod/xml/filterpro_seo_ocstore_1.5.5.x.xml
   id        : Filterpro seo
   version   : 1.5.[1-4]
   vqmver    : 2.1.6(7)
   author    : s-m-o-k@list.ru

File Name    : catalog/controller/product/category.php(1)
VQModObject::applyMod - SEARCH NOT FOUND (ABORTING MOD): $results = $this->model_catalog_product->getProducts($data);
----------------------------------------------------------------------


---------- Date: 2017-10-31 14:02:48 ~ IP : 216.244.66.229 ----------
REQUEST URI : /katushki_bezynercionnye_okuma-2_3000,5000_peredniy_est,net-2
MOD DETAILS:
   modFile   : /var/www/fisherway/data/www/fisherway.com.ua/vqmod/xml/filterpro_seo_ocstore_1.5.5.x.xml
   id        : Filterpro seo
   version   : 1.5.[1-4]
   vqmver    : 2.1.6(7)
   author    : s-m-o-k@list.ru

File Name    : catalog/controller/product/category.php(1)
VQModObject::applyMod - SEARCH NOT FOUND (ABORTING MOD): $results = $this->model_catalog_product->getProducts($data);
----------------------------------------------------------------------


---------- Date: 2017-10-31 14:03:11 ~ IP : 31.148.207.10 ----------
REQUEST URI : /
MOD DETAILS:
   modFile   : /var/www/fisherway/data/www/fisherway.com.ua/vqmod/xml/automatic-stickers1-2.xml
   id        : 
   version   : 1.2
   vqmver    : 
   author    : Sergey Milus

File Name    : catalog/controller/module/bestseller.php(2)
VQModObject::applyMod - EMPTY SEARCH CONTENT ERROR

File Name    : catalog/controller/module/bestseller.php(2)
VQModObject::applyMod - SEARCH NOT FOUND (ABORTING MOD): 
----------------------------------------------------------------------


---------- Date: 2017-10-31 14:18:04 ~ IP : 85.90.203.74 ----------
REQUEST URI : /index.php?route=product/search&amp;search=17944&amp;description=true&amp;sub_category=true
MOD DETAILS:
   modFile   : /var/www/fisherway/data/www/fisherway.com.ua/vqmod/xml/automatic-stickers1-2.xml
   id        : 
   version   : 1.2
   vqmver    : 
   author    : Sergey Milus

File Name    : catalog/controller/product/search.php(2)
VQModObject::applyMod - EMPTY SEARCH CONTENT ERROR

File Name    : catalog/controller/product/search.php(2)
VQModObject::applyMod - SEARCH NOT FOUND (ABORTING MOD): 
----------------------------------------------------------------------


---------- Date: 2017-10-31 14:27:25 ~ IP : 85.90.203.74 ----------
REQUEST URI : /admin/index.php?route=catalog/product/update&amp;token=98d9e3a42dc7665e398549dd313c9242&amp;product_id=171163&amp;filter_name=ice%20feeder%20&amp;filter_name=ice%20feeder%20&amp;sort=pd.name&amp;order=ASC
MOD DETAILS:
   modFile   : /var/www/fisherway/data/www/fisherway.com.ua/vqmod/xml/add-product-1.5.6.1.xml
   id        : ADD PRODUCT IN ONE PAGE
   version   : 1
   vqmver    : 2.3.x
   author    : noan

File Name    : admin/view/template/catalog/product_form.tpl(0)
VQModObject::applyMod - SEARCH NOT FOUND (ABORTING MOD): <div id="tabs" class="htabs"><a href="#tab-general"><?php echo $tab_general; ?></a><a href="#tab-data"><?php echo $tab_data; ?></a><a href="#tab-links"><?php echo $tab_links; ?></a><a href="#tab-attribute"><?php echo $tab_attribute; ?></a><a href="#tab-option"><?php echo $tab_option; ?></a><a href="#tab-profile"><?php echo $tab_profile; ?></a><a href="#tab-discount"><?php echo $tab_discount; ?></a><a href="#tab-special"><?php echo $tab_special; ?></a><a href="#tab-image"><?php echo $tab_image; ?></a><a href="#tab-reward"><?php echo $tab_reward; ?></a><a href="#tab-design"><?php echo $tab_design; ?></a></div>

----------------------------------------------------------------------


