---------- Date: 2017-11-02 19:00:20 ~ IP : 93.76.251.217 ----------
REQUEST URI : /katushki/bezynercionnye
MOD DETAILS:
   modFile   : /var/www/fisherway/data/www/fisherway.com.ua/vqmod/xml/filterpro_seo_ocstore_1.5.5.x.xml
   id        : Filterpro seo
   version   : 1.5.[1-4]
   vqmver    : 2.1.6(7)
   author    : s-m-o-k@list.ru

File Name    : catalog/controller/product/category.php(1)
VQModObject::applyMod - SEARCH NOT FOUND (ABORTING MOD): $results = $this->model_catalog_product->getProducts($data);
----------------------------------------------------------------------


---------- Date: 2017-11-02 19:07:13 ~ IP : 91.247.88.211 ----------
REQUEST URI : /
MOD DETAILS:
   modFile   : /var/www/fisherway/data/www/fisherway.com.ua/vqmod/xml/automatic-stickers1-2.xml
   id        : 
   version   : 1.2
   vqmver    : 
   author    : Sergey Milus

File Name    : catalog/controller/module/bestseller.php(2)
VQModObject::applyMod - EMPTY SEARCH CONTENT ERROR

File Name    : catalog/controller/module/bestseller.php(2)
VQModObject::applyMod - SEARCH NOT FOUND (ABORTING MOD): 
----------------------------------------------------------------------


---------- Date: 2017-11-02 19:07:13 ~ IP : 37.229.134.145 ----------
REQUEST URI : /
MOD DETAILS:
   modFile   : /var/www/fisherway/data/www/fisherway.com.ua/vqmod/xml/automatic-stickers1-2.xml
   id        : 
   version   : 1.2
   vqmver    : 
   author    : Sergey Milus

File Name    : catalog/view/theme/*/template/module/latest.tpl(0)
VQModObject::applyMod - SEARCH NOT FOUND (ABORTING MOD): <div class="image">
----------------------------------------------------------------------


---------- Date: 2017-11-02 19:07:31 ~ IP : 176.104.168.102 ----------
REQUEST URI : /index.php?route=product/search&amp;search=Ksirubitta&amp;description=true&amp;sub_category=true
MOD DETAILS:
   modFile   : /var/www/fisherway/data/www/fisherway.com.ua/vqmod/xml/automatic-stickers1-2.xml
   id        : 
   version   : 1.2
   vqmver    : 
   author    : Sergey Milus

File Name    : catalog/controller/product/search.php(2)
VQModObject::applyMod - EMPTY SEARCH CONTENT ERROR

File Name    : catalog/controller/product/search.php(2)
VQModObject::applyMod - SEARCH NOT FOUND (ABORTING MOD): 
----------------------------------------------------------------------


---------- Date: 2017-11-02 20:21:13 ~ IP : 5.254.65.120 ----------
REQUEST URI : /udilishha_na-hishhnika_spinningovye_okun
MOD DETAILS:
   modFile   : /var/www/fisherway/data/www/fisherway.com.ua/vqmod/xml/filterpro_seo_ocstore_1.5.5.x.xml
   id        : Filterpro seo
   version   : 1.5.[1-4]
   vqmver    : 2.1.6(7)
   author    : s-m-o-k@list.ru

File Name    : catalog/controller/product/category.php(1)
VQModObject::applyMod - SEARCH NOT FOUND (ABORTING MOD): $results = $this->model_catalog_product->getProducts($data);
----------------------------------------------------------------------


---------- Date: 2017-11-02 21:51:29 ~ IP : 185.182.81.80 ----------
REQUEST URI : /admin/index.php?route=catalog/product/update&amp;token=e2107a013926451a0bf005b4af06d4dd&amp;product_id=146591&amp;filter_status=0&amp;sort=p.quantity&amp;order=DESC
MOD DETAILS:
   modFile   : /var/www/fisherway/data/www/fisherway.com.ua/vqmod/xml/add-product-1.5.6.1.xml
   id        : ADD PRODUCT IN ONE PAGE
   version   : 1
   vqmver    : 2.3.x
   author    : noan

File Name    : admin/view/template/catalog/product_form.tpl(0)
VQModObject::applyMod - SEARCH NOT FOUND (ABORTING MOD): <div id="tabs" class="htabs"><a href="#tab-general"><?php echo $tab_general; ?></a><a href="#tab-data"><?php echo $tab_data; ?></a><a href="#tab-links"><?php echo $tab_links; ?></a><a href="#tab-attribute"><?php echo $tab_attribute; ?></a><a href="#tab-option"><?php echo $tab_option; ?></a><a href="#tab-profile"><?php echo $tab_profile; ?></a><a href="#tab-discount"><?php echo $tab_discount; ?></a><a href="#tab-special"><?php echo $tab_special; ?></a><a href="#tab-image"><?php echo $tab_image; ?></a><a href="#tab-reward"><?php echo $tab_reward; ?></a><a href="#tab-design"><?php echo $tab_design; ?></a></div>

----------------------------------------------------------------------


---------- Date: 2017-11-02 21:55:39 ~ IP : 51.255.65.59 ----------
REQUEST URI : /primanki_na-hishhnika2_spinning-wobblers_usami-2_golavl_osen_krenk-2_kasting
MOD DETAILS:
   modFile   : /var/www/fisherway/data/www/fisherway.com.ua/vqmod/xml/filterpro_seo_ocstore_1.5.5.x.xml
   id        : Filterpro seo
   version   : 1.5.[1-4]
   vqmver    : 2.1.6(7)
   author    : s-m-o-k@list.ru

File Name    : catalog/controller/product/category.php(1)
VQModObject::applyMod - SEARCH NOT FOUND (ABORTING MOD): $results = $this->model_catalog_product->getProducts($data);
----------------------------------------------------------------------


---------- Date: 2017-11-02 21:56:33 ~ IP : 176.37.29.130 ----------
REQUEST URI : /
MOD DETAILS:
   modFile   : /var/www/fisherway/data/www/fisherway.com.ua/vqmod/xml/automatic-stickers1-2.xml
   id        : 
   version   : 1.2
   vqmver    : 
   author    : Sergey Milus

File Name    : catalog/controller/module/bestseller.php(2)
VQModObject::applyMod - EMPTY SEARCH CONTENT ERROR

File Name    : catalog/controller/module/bestseller.php(2)
VQModObject::applyMod - SEARCH NOT FOUND (ABORTING MOD): 
----------------------------------------------------------------------


---------- Date: 2017-11-02 22:51:44 ~ IP : 109.122.48.156 ----------
REQUEST URI : /index.php?route=product/search&amp;search=Jackall%20Magsquad%20128&amp;description=true&amp;sub_category=true
MOD DETAILS:
   modFile   : /var/www/fisherway/data/www/fisherway.com.ua/vqmod/xml/automatic-stickers1-2.xml
   id        : 
   version   : 1.2
   vqmver    : 
   author    : Sergey Milus

File Name    : catalog/controller/product/search.php(2)
VQModObject::applyMod - EMPTY SEARCH CONTENT ERROR

File Name    : catalog/controller/product/search.php(2)
VQModObject::applyMod - SEARCH NOT FOUND (ABORTING MOD): 
----------------------------------------------------------------------


