---------- Date: 2017-11-03 11:21:46 ~ IP : 85.90.203.74 ----------
REQUEST URI : /admin/index.php?route=catalog/product/update&amp;token=0e7b41281e27bd992d370cd7aa648e9b&amp;product_id=171257&amp;filter_name=%D0%BA%D1%80%D0%B0%D0%BF%D0%B0%D0%BB%D1%8C&amp;filter_name=%D0%BA%D1%80%D0%B0%D0%BF%D0%B0%D0%BB%D1%8C&amp;sort=pd.name&amp;order=ASC
MOD DETAILS:
   modFile   : /var/www/fisherway/data/www/fisherway.com.ua/vqmod/xml/add-product-1.5.6.1.xml
   id        : ADD PRODUCT IN ONE PAGE
   version   : 1
   vqmver    : 2.3.x
   author    : noan

File Name    : admin/view/template/catalog/product_form.tpl(0)
VQModObject::applyMod - SEARCH NOT FOUND (ABORTING MOD): <div id="tabs" class="htabs"><a href="#tab-general"><?php echo $tab_general; ?></a><a href="#tab-data"><?php echo $tab_data; ?></a><a href="#tab-links"><?php echo $tab_links; ?></a><a href="#tab-attribute"><?php echo $tab_attribute; ?></a><a href="#tab-option"><?php echo $tab_option; ?></a><a href="#tab-profile"><?php echo $tab_profile; ?></a><a href="#tab-discount"><?php echo $tab_discount; ?></a><a href="#tab-special"><?php echo $tab_special; ?></a><a href="#tab-image"><?php echo $tab_image; ?></a><a href="#tab-reward"><?php echo $tab_reward; ?></a><a href="#tab-design"><?php echo $tab_design; ?></a></div>

----------------------------------------------------------------------


---------- Date: 2017-11-03 12:09:33 ~ IP : 93.76.251.217 ----------
REQUEST URI : /admin/index.php?route=catalog/product/insert&amp;token=2a8a83a4c6c316e892b3fca40deb35a0
MOD DETAILS:
   modFile   : /var/www/fisherway/data/www/fisherway.com.ua/vqmod/xml/add-product-1.5.6.1.xml
   id        : ADD PRODUCT IN ONE PAGE
   version   : 1
   vqmver    : 2.3.x
   author    : noan

File Name    : admin/view/template/catalog/product_form.tpl(0)
VQModObject::applyMod - SEARCH NOT FOUND (ABORTING MOD): <div id="tabs" class="htabs"><a href="#tab-general"><?php echo $tab_general; ?></a><a href="#tab-data"><?php echo $tab_data; ?></a><a href="#tab-links"><?php echo $tab_links; ?></a><a href="#tab-attribute"><?php echo $tab_attribute; ?></a><a href="#tab-option"><?php echo $tab_option; ?></a><a href="#tab-profile"><?php echo $tab_profile; ?></a><a href="#tab-discount"><?php echo $tab_discount; ?></a><a href="#tab-special"><?php echo $tab_special; ?></a><a href="#tab-image"><?php echo $tab_image; ?></a><a href="#tab-reward"><?php echo $tab_reward; ?></a><a href="#tab-design"><?php echo $tab_design; ?></a></div>

----------------------------------------------------------------------


---------- Date: 2017-11-03 12:10:14 ~ IP : 93.76.251.217 ----------
REQUEST URI : /admin/index.php?route=catalog/product/insert&amp;token=2a8a83a4c6c316e892b3fca40deb35a0
MOD DETAILS:
   modFile   : /var/www/fisherway/data/www/fisherway.com.ua/vqmod/xml/add-product-1.5.6.1.xml
   id        : ADD PRODUCT IN ONE PAGE
   version   : 1
   vqmver    : 2.3.x
   author    : noan

File Name    : admin/view/template/catalog/product_form.tpl(0)
VQModObject::applyMod - SEARCH NOT FOUND (ABORTING MOD): <div id="tabs" class="htabs"><a href="#tab-general"><?php echo $tab_general; ?></a><a href="#tab-data"><?php echo $tab_data; ?></a><a href="#tab-links"><?php echo $tab_links; ?></a><a href="#tab-attribute"><?php echo $tab_attribute; ?></a><a href="#tab-option"><?php echo $tab_option; ?></a><a href="#tab-profile"><?php echo $tab_profile; ?></a><a href="#tab-discount"><?php echo $tab_discount; ?></a><a href="#tab-special"><?php echo $tab_special; ?></a><a href="#tab-image"><?php echo $tab_image; ?></a><a href="#tab-reward"><?php echo $tab_reward; ?></a><a href="#tab-design"><?php echo $tab_design; ?></a></div>

----------------------------------------------------------------------


---------- Date: 2017-11-03 12:11:44 ~ IP : 93.76.251.217 ----------
REQUEST URI : /admin/index.php?route=catalog/product/insert&amp;token=2a8a83a4c6c316e892b3fca40deb35a0
MOD DETAILS:
   modFile   : /var/www/fisherway/data/www/fisherway.com.ua/vqmod/xml/add-product-1.5.6.1.xml
   id        : ADD PRODUCT IN ONE PAGE
   version   : 1
   vqmver    : 2.3.x
   author    : noan

File Name    : admin/view/template/catalog/product_form.tpl(0)
VQModObject::applyMod - SEARCH NOT FOUND (ABORTING MOD): <div id="tabs" class="htabs"><a href="#tab-general"><?php echo $tab_general; ?></a><a href="#tab-data"><?php echo $tab_data; ?></a><a href="#tab-links"><?php echo $tab_links; ?></a><a href="#tab-attribute"><?php echo $tab_attribute; ?></a><a href="#tab-option"><?php echo $tab_option; ?></a><a href="#tab-profile"><?php echo $tab_profile; ?></a><a href="#tab-discount"><?php echo $tab_discount; ?></a><a href="#tab-special"><?php echo $tab_special; ?></a><a href="#tab-image"><?php echo $tab_image; ?></a><a href="#tab-reward"><?php echo $tab_reward; ?></a><a href="#tab-design"><?php echo $tab_design; ?></a></div>

----------------------------------------------------------------------


---------- Date: 2017-11-03 12:12:25 ~ IP : 93.76.251.217 ----------
REQUEST URI : /admin/index.php?route=catalog/product/insert&amp;token=2a8a83a4c6c316e892b3fca40deb35a0
MOD DETAILS:
   modFile   : /var/www/fisherway/data/www/fisherway.com.ua/vqmod/xml/add-product-1.5.6.1.xml
   id        : ADD PRODUCT IN ONE PAGE
   version   : 1
   vqmver    : 2.3.x
   author    : noan

File Name    : admin/view/template/catalog/product_form.tpl(0)
VQModObject::applyMod - SEARCH NOT FOUND (ABORTING MOD): <div id="tabs" class="htabs"><a href="#tab-general"><?php echo $tab_general; ?></a><a href="#tab-data"><?php echo $tab_data; ?></a><a href="#tab-links"><?php echo $tab_links; ?></a><a href="#tab-attribute"><?php echo $tab_attribute; ?></a><a href="#tab-option"><?php echo $tab_option; ?></a><a href="#tab-profile"><?php echo $tab_profile; ?></a><a href="#tab-discount"><?php echo $tab_discount; ?></a><a href="#tab-special"><?php echo $tab_special; ?></a><a href="#tab-image"><?php echo $tab_image; ?></a><a href="#tab-reward"><?php echo $tab_reward; ?></a><a href="#tab-design"><?php echo $tab_design; ?></a></div>

----------------------------------------------------------------------


---------- Date: 2017-11-03 12:12:39 ~ IP : 85.90.203.74 ----------
REQUEST URI : /admin/index.php?route=catalog/product/insert&amp;token=0e7b41281e27bd992d370cd7aa648e9b
MOD DETAILS:
   modFile   : /var/www/fisherway/data/www/fisherway.com.ua/vqmod/xml/add-product-1.5.6.1.xml
   id        : ADD PRODUCT IN ONE PAGE
   version   : 1
   vqmver    : 2.3.x
   author    : noan

File Name    : admin/view/template/catalog/product_form.tpl(0)
VQModObject::applyMod - SEARCH NOT FOUND (ABORTING MOD): <div id="tabs" class="htabs"><a href="#tab-general"><?php echo $tab_general; ?></a><a href="#tab-data"><?php echo $tab_data; ?></a><a href="#tab-links"><?php echo $tab_links; ?></a><a href="#tab-attribute"><?php echo $tab_attribute; ?></a><a href="#tab-option"><?php echo $tab_option; ?></a><a href="#tab-profile"><?php echo $tab_profile; ?></a><a href="#tab-discount"><?php echo $tab_discount; ?></a><a href="#tab-special"><?php echo $tab_special; ?></a><a href="#tab-image"><?php echo $tab_image; ?></a><a href="#tab-reward"><?php echo $tab_reward; ?></a><a href="#tab-design"><?php echo $tab_design; ?></a></div>

----------------------------------------------------------------------


---------- Date: 2017-11-03 12:26:56 ~ IP : 37.9.113.199 ----------
REQUEST URI : /udilishha_na-hishhnika_spinningovye_golavl,losos,sudak_bistriy_dzhig-3
MOD DETAILS:
   modFile   : /var/www/fisherway/data/www/fisherway.com.ua/vqmod/xml/filterpro_seo_ocstore_1.5.5.x.xml
   id        : Filterpro seo
   version   : 1.5.[1-4]
   vqmver    : 2.1.6(7)
   author    : s-m-o-k@list.ru

File Name    : catalog/controller/product/category.php(1)
VQModObject::applyMod - SEARCH NOT FOUND (ABORTING MOD): $results = $this->model_catalog_product->getProducts($data);
----------------------------------------------------------------------


---------- Date: 2017-11-03 12:27:15 ~ IP : 51.255.71.111 ----------
REQUEST URI : /primanki_na-hishhnika2_spinning-spoons_borich-2_schuka_osen_koleblyuschayasya
MOD DETAILS:
   modFile   : /var/www/fisherway/data/www/fisherway.com.ua/vqmod/xml/filterpro_seo_ocstore_1.5.5.x.xml
   id        : Filterpro seo
   version   : 1.5.[1-4]
   vqmver    : 2.1.6(7)
   author    : s-m-o-k@list.ru

File Name    : catalog/controller/product/category.php(1)
VQModObject::applyMod - SEARCH NOT FOUND (ABORTING MOD): $results = $this->model_catalog_product->getProducts($data);
----------------------------------------------------------------------


---------- Date: 2017-11-03 12:27:37 ~ IP : 85.90.203.74 ----------
REQUEST URI : /admin/index.php?route=catalog/product/insert&amp;token=0e7b41281e27bd992d370cd7aa648e9b
MOD DETAILS:
   modFile   : /var/www/fisherway/data/www/fisherway.com.ua/vqmod/xml/add-product-1.5.6.1.xml
   id        : ADD PRODUCT IN ONE PAGE
   version   : 1
   vqmver    : 2.3.x
   author    : noan

File Name    : admin/view/template/catalog/product_form.tpl(0)
VQModObject::applyMod - SEARCH NOT FOUND (ABORTING MOD): <div id="tabs" class="htabs"><a href="#tab-general"><?php echo $tab_general; ?></a><a href="#tab-data"><?php echo $tab_data; ?></a><a href="#tab-links"><?php echo $tab_links; ?></a><a href="#tab-attribute"><?php echo $tab_attribute; ?></a><a href="#tab-option"><?php echo $tab_option; ?></a><a href="#tab-profile"><?php echo $tab_profile; ?></a><a href="#tab-discount"><?php echo $tab_discount; ?></a><a href="#tab-special"><?php echo $tab_special; ?></a><a href="#tab-image"><?php echo $tab_image; ?></a><a href="#tab-reward"><?php echo $tab_reward; ?></a><a href="#tab-design"><?php echo $tab_design; ?></a></div>

----------------------------------------------------------------------


---------- Date: 2017-11-03 12:27:46 ~ IP : 93.76.251.217 ----------
REQUEST URI : /primanki/na-hishhnika2/spinning-wobblers
MOD DETAILS:
   modFile   : /var/www/fisherway/data/www/fisherway.com.ua/vqmod/xml/filterpro_seo_ocstore_1.5.5.x.xml
   id        : Filterpro seo
   version   : 1.5.[1-4]
   vqmver    : 2.1.6(7)
   author    : s-m-o-k@list.ru

File Name    : catalog/controller/product/category.php(1)
VQModObject::applyMod - SEARCH NOT FOUND (ABORTING MOD): $results = $this->model_catalog_product->getProducts($data);
----------------------------------------------------------------------


---------- Date: 2017-11-03 12:29:52 ~ IP : 91.205.206.88 ----------
REQUEST URI : /
MOD DETAILS:
   modFile   : /var/www/fisherway/data/www/fisherway.com.ua/vqmod/xml/automatic-stickers1-2.xml
   id        : 
   version   : 1.2
   vqmver    : 
   author    : Sergey Milus

File Name    : catalog/controller/module/bestseller.php(2)
VQModObject::applyMod - EMPTY SEARCH CONTENT ERROR

File Name    : catalog/controller/module/bestseller.php(2)
VQModObject::applyMod - SEARCH NOT FOUND (ABORTING MOD): 
----------------------------------------------------------------------


---------- Date: 2017-11-03 12:39:43 ~ IP : 83.218.235.148 ----------
REQUEST URI : /index.php?route=product/search&amp;search=21526&amp;description=true&amp;sub_category=true
MOD DETAILS:
   modFile   : /var/www/fisherway/data/www/fisherway.com.ua/vqmod/xml/automatic-stickers1-2.xml
   id        : 
   version   : 1.2
   vqmver    : 
   author    : Sergey Milus

File Name    : catalog/controller/product/search.php(2)
VQModObject::applyMod - EMPTY SEARCH CONTENT ERROR

File Name    : catalog/controller/product/search.php(2)
VQModObject::applyMod - SEARCH NOT FOUND (ABORTING MOD): 
----------------------------------------------------------------------


---------- Date: 2017-11-03 12:56:32 ~ IP : 68.180.229.219 ----------
REQUEST URI : /katushki_bezynercionnye_shimano-2_14000,6000
MOD DETAILS:
   modFile   : /var/www/fisherway/data/www/fisherway.com.ua/vqmod/xml/filterpro_seo_ocstore_1.5.5.x.xml
   id        : Filterpro seo
   version   : 1.5.[1-4]
   vqmver    : 2.1.6(7)
   author    : s-m-o-k@list.ru

File Name    : catalog/controller/product/category.php(1)
VQModObject::applyMod - SEARCH NOT FOUND (ABORTING MOD): $results = $this->model_catalog_product->getProducts($data);
----------------------------------------------------------------------


---------- Date: 2017-11-03 12:56:33 ~ IP : 93.76.251.217 ----------
REQUEST URI : /
MOD DETAILS:
   modFile   : /var/www/fisherway/data/www/fisherway.com.ua/vqmod/xml/automatic-stickers1-2.xml
   id        : 
   version   : 1.2
   vqmver    : 
   author    : Sergey Milus

File Name    : catalog/controller/module/bestseller.php(2)
VQModObject::applyMod - EMPTY SEARCH CONTENT ERROR

File Name    : catalog/controller/module/bestseller.php(2)
VQModObject::applyMod - SEARCH NOT FOUND (ABORTING MOD): 
----------------------------------------------------------------------


---------- Date: 2017-11-03 12:57:29 ~ IP : 164.132.161.17 ----------
REQUEST URI : /primanki_na-hishhnika2_spinning-wobblers_maria-2_golavl_plavayuschiy
MOD DETAILS:
   modFile   : /var/www/fisherway/data/www/fisherway.com.ua/vqmod/xml/additional.xml
   id        : additional fix
   version   : 1.0
   vqmver    : 1.0.8
   author    : max

File Name    : catalog/model/catalog/product.php(0)
VQModObject::applyMod - SEARCH NOT FOUND (ABORTING MOD): . " p.model, "

----------------------------------------------------------------------


---------- Date: 2017-11-03 12:57:29 ~ IP : 37.9.113.160 ----------
REQUEST URI : /spinningovye_golavl,okun,som_layt,medium-layt
MOD DETAILS:
   modFile   : /var/www/fisherway/data/www/fisherway.com.ua/vqmod/xml/additional.xml
   id        : additional fix
   version   : 1.0
   vqmver    : 1.0.8
   author    : max

File Name    : catalog/model/catalog/product.php(0)
VQModObject::applyMod - SEARCH NOT FOUND (ABORTING MOD): . " p.model, "

----------------------------------------------------------------------


---------- Date: 2017-11-03 12:57:37 ~ IP : 37.52.71.190 ----------
REQUEST URI : /udilishha/donnye/fidernye
MOD DETAILS:
   modFile   : /var/www/fisherway/data/www/fisherway.com.ua/vqmod/xml/filterpro_seo_ocstore_1.5.5.x.xml
   id        : Filterpro seo
   version   : 1.5.[1-4]
   vqmver    : 2.1.6(7)
   author    : s-m-o-k@list.ru

File Name    : catalog/controller/product/category.php(1)
VQModObject::applyMod - SEARCH NOT FOUND (ABORTING MOD): $results = $this->model_catalog_product->getProducts($data);
----------------------------------------------------------------------


---------- Date: 2017-11-03 12:57:38 ~ IP : 93.76.251.217 ----------
REQUEST URI : /
MOD DETAILS:
   modFile   : /var/www/fisherway/data/www/fisherway.com.ua/vqmod/xml/automatic-stickers1-2.xml
   id        : 
   version   : 1.2
   vqmver    : 
   author    : Sergey Milus

File Name    : catalog/controller/module/bestseller.php(2)
VQModObject::applyMod - EMPTY SEARCH CONTENT ERROR

File Name    : catalog/controller/module/bestseller.php(2)
VQModObject::applyMod - SEARCH NOT FOUND (ABORTING MOD): 
----------------------------------------------------------------------


---------- Date: 2017-11-03 12:59:06 ~ IP : 93.76.251.217 ----------
REQUEST URI : /
MOD DETAILS:
   modFile   : /var/www/fisherway/data/www/fisherway.com.ua/vqmod/xml/automatic-stickers1-2.xml
   id        : 
   version   : 1.2
   vqmver    : 
   author    : Sergey Milus

File Name    : catalog/controller/module/bestseller.php(2)
VQModObject::applyMod - EMPTY SEARCH CONTENT ERROR

File Name    : catalog/controller/module/bestseller.php(2)
VQModObject::applyMod - SEARCH NOT FOUND (ABORTING MOD): 
----------------------------------------------------------------------


---------- Date: 2017-11-03 12:59:07 ~ IP : 37.52.71.190 ----------
REQUEST URI : /udilishha/donnye/fidernye
MOD DETAILS:
   modFile   : /var/www/fisherway/data/www/fisherway.com.ua/vqmod/xml/filterpro_seo_ocstore_1.5.5.x.xml
   id        : Filterpro seo
   version   : 1.5.[1-4]
   vqmver    : 2.1.6(7)
   author    : s-m-o-k@list.ru

File Name    : catalog/controller/product/category.php(1)
VQModObject::applyMod - SEARCH NOT FOUND (ABORTING MOD): $results = $this->model_catalog_product->getProducts($data);
----------------------------------------------------------------------


---------- Date: 2017-11-03 12:59:26 ~ IP : 93.76.251.217 ----------
REQUEST URI : /
MOD DETAILS:
   modFile   : /var/www/fisherway/data/www/fisherway.com.ua/vqmod/xml/automatic-stickers1-2.xml
   id        : 
   version   : 1.2
   vqmver    : 
   author    : Sergey Milus

File Name    : catalog/controller/module/bestseller.php(2)
VQModObject::applyMod - EMPTY SEARCH CONTENT ERROR

File Name    : catalog/controller/module/bestseller.php(2)
VQModObject::applyMod - SEARCH NOT FOUND (ABORTING MOD): 
----------------------------------------------------------------------


---------- Date: 2017-11-03 12:59:29 ~ IP : 37.9.113.199 ----------
REQUEST URI : /primanki_2-8-3?37&amp;amp;7-7
MOD DETAILS:
   modFile   : /var/www/fisherway/data/www/fisherway.com.ua/vqmod/xml/filterpro_seo_ocstore_1.5.5.x.xml
   id        : Filterpro seo
   version   : 1.5.[1-4]
   vqmver    : 2.1.6(7)
   author    : s-m-o-k@list.ru

File Name    : catalog/controller/product/category.php(1)
VQModObject::applyMod - SEARCH NOT FOUND (ABORTING MOD): $results = $this->model_catalog_product->getProducts($data);
----------------------------------------------------------------------


---------- Date: 2017-11-03 12:59:35 ~ IP : 85.90.203.74 ----------
REQUEST URI : /admin/index.php?route=catalog/product/insert&amp;token=0e7b41281e27bd992d370cd7aa648e9b
MOD DETAILS:
   modFile   : /var/www/fisherway/data/www/fisherway.com.ua/vqmod/xml/add-product-1.5.6.1.xml
   id        : ADD PRODUCT IN ONE PAGE
   version   : 1
   vqmver    : 2.3.x
   author    : noan

File Name    : admin/view/template/catalog/product_form.tpl(0)
VQModObject::applyMod - SEARCH NOT FOUND (ABORTING MOD): <div id="tabs" class="htabs"><a href="#tab-general"><?php echo $tab_general; ?></a><a href="#tab-data"><?php echo $tab_data; ?></a><a href="#tab-links"><?php echo $tab_links; ?></a><a href="#tab-attribute"><?php echo $tab_attribute; ?></a><a href="#tab-option"><?php echo $tab_option; ?></a><a href="#tab-profile"><?php echo $tab_profile; ?></a><a href="#tab-discount"><?php echo $tab_discount; ?></a><a href="#tab-special"><?php echo $tab_special; ?></a><a href="#tab-image"><?php echo $tab_image; ?></a><a href="#tab-reward"><?php echo $tab_reward; ?></a><a href="#tab-design"><?php echo $tab_design; ?></a></div>

----------------------------------------------------------------------


---------- Date: 2017-11-03 13:06:10 ~ IP : 217.69.134.177 ----------
REQUEST URI : /carp-sumki_golden-catch_dlya-dipov,dlya-povodkov
MOD DETAILS:
   modFile   : /var/www/fisherway/data/www/fisherway.com.ua/vqmod/xml/filterpro_seo_ocstore_1.5.5.x.xml
   id        : Filterpro seo
   version   : 1.5.[1-4]
   vqmver    : 2.1.6(7)
   author    : s-m-o-k@list.ru

File Name    : catalog/controller/product/category.php(1)
VQModObject::applyMod - SEARCH NOT FOUND (ABORTING MOD): $results = $this->model_catalog_product->getProducts($data);
----------------------------------------------------------------------


---------- Date: 2017-11-03 13:06:12 ~ IP : 93.76.251.217 ----------
REQUEST URI : /
MOD DETAILS:
   modFile   : /var/www/fisherway/data/www/fisherway.com.ua/vqmod/xml/automatic-stickers1-2.xml
   id        : 
   version   : 1.2
   vqmver    : 
   author    : Sergey Milus

File Name    : catalog/controller/module/bestseller.php(2)
VQModObject::applyMod - EMPTY SEARCH CONTENT ERROR

File Name    : catalog/controller/module/bestseller.php(2)
VQModObject::applyMod - SEARCH NOT FOUND (ABORTING MOD): 
----------------------------------------------------------------------


---------- Date: 2017-11-03 13:07:14 ~ IP : 93.76.251.217 ----------
REQUEST URI : /
MOD DETAILS:
   modFile   : /var/www/fisherway/data/www/fisherway.com.ua/vqmod/xml/automatic-stickers1-2.xml
   id        : 
   version   : 1.2
   vqmver    : 
   author    : Sergey Milus

File Name    : catalog/controller/module/bestseller.php(2)
VQModObject::applyMod - EMPTY SEARCH CONTENT ERROR

File Name    : catalog/controller/module/bestseller.php(2)
VQModObject::applyMod - SEARCH NOT FOUND (ABORTING MOD): 
----------------------------------------------------------------------


---------- Date: 2017-11-03 13:07:23 ~ IP : 66.249.76.91 ----------
REQUEST URI : /spinning-silicon_sudak_mikrodzhig,otvodnoy-povodok_oktopus_ultralayt-2
MOD DETAILS:
   modFile   : /var/www/fisherway/data/www/fisherway.com.ua/vqmod/xml/filterpro_seo_ocstore_1.5.5.x.xml
   id        : Filterpro seo
   version   : 1.5.[1-4]
   vqmver    : 2.1.6(7)
   author    : s-m-o-k@list.ru

File Name    : catalog/controller/product/category.php(1)
VQModObject::applyMod - SEARCH NOT FOUND (ABORTING MOD): $results = $this->model_catalog_product->getProducts($data);
----------------------------------------------------------------------


---------- Date: 2017-11-03 13:07:35 ~ IP : 93.76.251.217 ----------
REQUEST URI : /
MOD DETAILS:
   modFile   : /var/www/fisherway/data/www/fisherway.com.ua/vqmod/xml/automatic-stickers1-2.xml
   id        : 
   version   : 1.2
   vqmver    : 
   author    : Sergey Milus

File Name    : catalog/view/theme/*/template/module/latest.tpl(0)
VQModObject::applyMod - SEARCH NOT FOUND (ABORTING MOD): <div class="image">
----------------------------------------------------------------------


---------- Date: 2017-11-03 13:08:34 ~ IP : 93.76.251.217 ----------
REQUEST URI : /
MOD DETAILS:
   modFile   : /var/www/fisherway/data/www/fisherway.com.ua/vqmod/xml/automatic-stickers1-2.xml
   id        : 
   version   : 1.2
   vqmver    : 
   author    : Sergey Milus

File Name    : catalog/controller/module/bestseller.php(2)
VQModObject::applyMod - EMPTY SEARCH CONTENT ERROR

File Name    : catalog/controller/module/bestseller.php(2)
VQModObject::applyMod - SEARCH NOT FOUND (ABORTING MOD): 
----------------------------------------------------------------------


---------- Date: 2017-11-03 13:08:37 ~ IP : 68.180.229.219 ----------
REQUEST URI : /katushki_bezynercionnye_5500,7500_karpovaya
MOD DETAILS:
   modFile   : /var/www/fisherway/data/www/fisherway.com.ua/vqmod/xml/filterpro_seo_ocstore_1.5.5.x.xml
   id        : Filterpro seo
   version   : 1.5.[1-4]
   vqmver    : 2.1.6(7)
   author    : s-m-o-k@list.ru

File Name    : catalog/controller/product/category.php(1)
VQModObject::applyMod - SEARCH NOT FOUND (ABORTING MOD): $results = $this->model_catalog_product->getProducts($data);
----------------------------------------------------------------------


---------- Date: 2017-11-03 13:09:45 ~ IP : 178.136.109.78 ----------
REQUEST URI : /
MOD DETAILS:
   modFile   : /var/www/fisherway/data/www/fisherway.com.ua/vqmod/xml/automatic-stickers1-2.xml
   id        : 
   version   : 1.2
   vqmver    : 
   author    : Sergey Milus

File Name    : catalog/controller/module/bestseller.php(2)
VQModObject::applyMod - EMPTY SEARCH CONTENT ERROR

File Name    : catalog/controller/module/bestseller.php(2)
VQModObject::applyMod - SEARCH NOT FOUND (ABORTING MOD): 
----------------------------------------------------------------------


---------- Date: 2017-11-03 13:09:55 ~ IP : 91.202.128.11 ----------
REQUEST URI : /katushki/bezynercionnye?page=3
MOD DETAILS:
   modFile   : /var/www/fisherway/data/www/fisherway.com.ua/vqmod/xml/filterpro_seo_ocstore_1.5.5.x.xml
   id        : Filterpro seo
   version   : 1.5.[1-4]
   vqmver    : 2.1.6(7)
   author    : s-m-o-k@list.ru

File Name    : catalog/controller/product/category.php(1)
VQModObject::applyMod - SEARCH NOT FOUND (ABORTING MOD): $results = $this->model_catalog_product->getProducts($data);
----------------------------------------------------------------------


---------- Date: 2017-11-03 13:12:41 ~ IP : 176.105.105.130 ----------
REQUEST URI : /osnastka/montazh/dzhig
MOD DETAILS:
   modFile   : /var/www/fisherway/data/www/fisherway.com.ua/vqmod/xml/filterpro_seo_ocstore_1.5.5.x.xml
   id        : Filterpro seo
   version   : 1.5.[1-4]
   vqmver    : 2.1.6(7)
   author    : s-m-o-k@list.ru

File Name    : catalog/controller/product/category.php(1)
VQModObject::applyMod - SEARCH NOT FOUND (ABORTING MOD): $results = $this->model_catalog_product->getProducts($data);
----------------------------------------------------------------------


---------- Date: 2017-11-03 13:12:49 ~ IP : 93.76.251.217 ----------
REQUEST URI : /
MOD DETAILS:
   modFile   : /var/www/fisherway/data/www/fisherway.com.ua/vqmod/xml/automatic-stickers1-2.xml
   id        : 
   version   : 1.2
   vqmver    : 
   author    : Sergey Milus

File Name    : catalog/controller/module/bestseller.php(2)
VQModObject::applyMod - EMPTY SEARCH CONTENT ERROR

File Name    : catalog/controller/module/bestseller.php(2)
VQModObject::applyMod - SEARCH NOT FOUND (ABORTING MOD): 
----------------------------------------------------------------------


---------- Date: 2017-11-03 13:15:22 ~ IP : 85.90.203.74 ----------
REQUEST URI : /admin/index.php?route=catalog/product/update&amp;token=0e7b41281e27bd992d370cd7aa648e9b&amp;product_id=171257&amp;filter_name=%D0%BA%D1%80%D0%B0%D0%BF%D0%B0%D0%BB%D1%8C&amp;filter_name=%D0%BA%D1%80%D0%B0%D0%BF%D0%B0%D0%BB%D1%8C&amp;sort=pd.name&amp;order=ASC
MOD DETAILS:
   modFile   : /var/www/fisherway/data/www/fisherway.com.ua/vqmod/xml/add-product-1.5.6.1.xml
   id        : ADD PRODUCT IN ONE PAGE
   version   : 1
   vqmver    : 2.3.x
   author    : noan

File Name    : admin/view/template/catalog/product_form.tpl(0)
VQModObject::applyMod - SEARCH NOT FOUND (ABORTING MOD): <div id="tabs" class="htabs"><a href="#tab-general"><?php echo $tab_general; ?></a><a href="#tab-data"><?php echo $tab_data; ?></a><a href="#tab-links"><?php echo $tab_links; ?></a><a href="#tab-attribute"><?php echo $tab_attribute; ?></a><a href="#tab-option"><?php echo $tab_option; ?></a><a href="#tab-profile"><?php echo $tab_profile; ?></a><a href="#tab-discount"><?php echo $tab_discount; ?></a><a href="#tab-special"><?php echo $tab_special; ?></a><a href="#tab-image"><?php echo $tab_image; ?></a><a href="#tab-reward"><?php echo $tab_reward; ?></a><a href="#tab-design"><?php echo $tab_design; ?></a></div>

----------------------------------------------------------------------


---------- Date: 2017-11-03 13:18:47 ~ IP : 93.76.251.217 ----------
REQUEST URI : /
MOD DETAILS:
   modFile   : /var/www/fisherway/data/www/fisherway.com.ua/vqmod/xml/automatic-stickers1-2.xml
   id        : 
   version   : 1.2
   vqmver    : 
   author    : Sergey Milus

File Name    : catalog/controller/module/bestseller.php(2)
VQModObject::applyMod - EMPTY SEARCH CONTENT ERROR

File Name    : catalog/controller/module/bestseller.php(2)
VQModObject::applyMod - SEARCH NOT FOUND (ABORTING MOD): 
----------------------------------------------------------------------


---------- Date: 2017-11-03 13:18:47 ~ IP : 217.182.132.35 ----------
REQUEST URI : /primanki_spinning-wobblers_jaxon-2_osen_plavayuschiy_tviching
MOD DETAILS:
   modFile   : /var/www/fisherway/data/www/fisherway.com.ua/vqmod/xml/filterpro_seo_ocstore_1.5.5.x.xml
   id        : Filterpro seo
   version   : 1.5.[1-4]
   vqmver    : 2.1.6(7)
   author    : s-m-o-k@list.ru

File Name    : catalog/controller/product/category.php(1)
VQModObject::applyMod - SEARCH NOT FOUND (ABORTING MOD): $results = $this->model_catalog_product->getProducts($data);
----------------------------------------------------------------------


---------- Date: 2017-11-03 13:19:27 ~ IP : 93.76.251.217 ----------
REQUEST URI : /
MOD DETAILS:
   modFile   : /var/www/fisherway/data/www/fisherway.com.ua/vqmod/xml/automatic-stickers1-2.xml
   id        : 
   version   : 1.2
   vqmver    : 
   author    : Sergey Milus

File Name    : catalog/controller/module/bestseller.php(2)
VQModObject::applyMod - EMPTY SEARCH CONTENT ERROR

File Name    : catalog/controller/module/bestseller.php(2)
VQModObject::applyMod - SEARCH NOT FOUND (ABORTING MOD): 
----------------------------------------------------------------------


---------- Date: 2017-11-03 13:19:30 ~ IP : 178.93.5.244 ----------
REQUEST URI : /katushki_bezynercionnye_spinningovaya
MOD DETAILS:
   modFile   : /var/www/fisherway/data/www/fisherway.com.ua/vqmod/xml/filterpro_seo_ocstore_1.5.5.x.xml
   id        : Filterpro seo
   version   : 1.5.[1-4]
   vqmver    : 2.1.6(7)
   author    : s-m-o-k@list.ru

File Name    : catalog/controller/product/category.php(1)
VQModObject::applyMod - SEARCH NOT FOUND (ABORTING MOD): $results = $this->model_catalog_product->getProducts($data);
----------------------------------------------------------------------


---------- Date: 2017-11-03 13:19:53 ~ IP : 93.76.251.217 ----------
REQUEST URI : /
MOD DETAILS:
   modFile   : /var/www/fisherway/data/www/fisherway.com.ua/vqmod/xml/automatic-stickers1-2.xml
   id        : 
   version   : 1.2
   vqmver    : 
   author    : Sergey Milus

File Name    : catalog/controller/module/bestseller.php(2)
VQModObject::applyMod - EMPTY SEARCH CONTENT ERROR

File Name    : catalog/controller/module/bestseller.php(2)
VQModObject::applyMod - SEARCH NOT FOUND (ABORTING MOD): 
----------------------------------------------------------------------


---------- Date: 2017-11-03 13:19:54 ~ IP : 68.180.229.219 ----------
REQUEST URI : /katushki_bezynercionnye_okuma-2_2000,4500
MOD DETAILS:
   modFile   : /var/www/fisherway/data/www/fisherway.com.ua/vqmod/xml/filterpro_seo_ocstore_1.5.5.x.xml
   id        : Filterpro seo
   version   : 1.5.[1-4]
   vqmver    : 2.1.6(7)
   author    : s-m-o-k@list.ru

File Name    : catalog/controller/product/category.php(1)
VQModObject::applyMod - SEARCH NOT FOUND (ABORTING MOD): $results = $this->model_catalog_product->getProducts($data);
----------------------------------------------------------------------


---------- Date: 2017-11-03 13:22:11 ~ IP : 93.76.251.217 ----------
REQUEST URI : /
MOD DETAILS:
   modFile   : /var/www/fisherway/data/www/fisherway.com.ua/vqmod/xml/automatic-stickers1-2.xml
   id        : 
   version   : 1.2
   vqmver    : 
   author    : Sergey Milus

File Name    : catalog/controller/module/bestseller.php(2)
VQModObject::applyMod - EMPTY SEARCH CONTENT ERROR

File Name    : catalog/controller/module/bestseller.php(2)
VQModObject::applyMod - SEARCH NOT FOUND (ABORTING MOD): 
----------------------------------------------------------------------


---------- Date: 2017-11-03 13:22:15 ~ IP : 46.133.242.198 ----------
REQUEST URI : /snaryazhenie_turizm_palatki-turism_zima
MOD DETAILS:
   modFile   : /var/www/fisherway/data/www/fisherway.com.ua/vqmod/xml/filterpro_seo_ocstore_1.5.5.x.xml
   id        : Filterpro seo
   version   : 1.5.[1-4]
   vqmver    : 2.1.6(7)
   author    : s-m-o-k@list.ru

File Name    : catalog/controller/product/category.php(1)
VQModObject::applyMod - SEARCH NOT FOUND (ABORTING MOD): $results = $this->model_catalog_product->getProducts($data);
----------------------------------------------------------------------


---------- Date: 2017-11-03 13:24:00 ~ IP : 85.90.203.74 ----------
REQUEST URI : /admin/index.php?route=catalog/product/update&amp;token=0e7b41281e27bd992d370cd7aa648e9b&amp;product_id=171365&amp;filter_name=%D0%9A%D1%80%D0%B0%D0%BF%D0%B0%D0%BB%D1%8C&amp;filter_name=%D0%9A%D1%80%D0%B0%D0%BF%D0%B0%D0%BB%D1%8C&amp;sort=pd.name&amp;order=ASC
MOD DETAILS:
   modFile   : /var/www/fisherway/data/www/fisherway.com.ua/vqmod/xml/add-product-1.5.6.1.xml
   id        : ADD PRODUCT IN ONE PAGE
   version   : 1
   vqmver    : 2.3.x
   author    : noan

File Name    : admin/view/template/catalog/product_form.tpl(0)
VQModObject::applyMod - SEARCH NOT FOUND (ABORTING MOD): <div id="tabs" class="htabs"><a href="#tab-general"><?php echo $tab_general; ?></a><a href="#tab-data"><?php echo $tab_data; ?></a><a href="#tab-links"><?php echo $tab_links; ?></a><a href="#tab-attribute"><?php echo $tab_attribute; ?></a><a href="#tab-option"><?php echo $tab_option; ?></a><a href="#tab-profile"><?php echo $tab_profile; ?></a><a href="#tab-discount"><?php echo $tab_discount; ?></a><a href="#tab-special"><?php echo $tab_special; ?></a><a href="#tab-image"><?php echo $tab_image; ?></a><a href="#tab-reward"><?php echo $tab_reward; ?></a><a href="#tab-design"><?php echo $tab_design; ?></a></div>

----------------------------------------------------------------------


---------- Date: 2017-11-03 13:29:04 ~ IP : 164.132.162.158 ----------
REQUEST URI : /katushki_bezynercionnye_favorite-2_1000-2
MOD DETAILS:
   modFile   : /var/www/fisherway/data/www/fisherway.com.ua/vqmod/xml/filterpro_seo_ocstore_1.5.5.x.xml
   id        : Filterpro seo
   version   : 1.5.[1-4]
   vqmver    : 2.1.6(7)
   author    : s-m-o-k@list.ru

File Name    : catalog/controller/product/category.php(1)
VQModObject::applyMod - SEARCH NOT FOUND (ABORTING MOD): $results = $this->model_catalog_product->getProducts($data);
----------------------------------------------------------------------


---------- Date: 2017-11-03 13:29:08 ~ IP : 93.76.251.217 ----------
REQUEST URI : /
MOD DETAILS:
   modFile   : /var/www/fisherway/data/www/fisherway.com.ua/vqmod/xml/automatic-stickers1-2.xml
   id        : 
   version   : 1.2
   vqmver    : 
   author    : Sergey Milus

File Name    : catalog/controller/module/bestseller.php(2)
VQModObject::applyMod - EMPTY SEARCH CONTENT ERROR

File Name    : catalog/controller/module/bestseller.php(2)
VQModObject::applyMod - SEARCH NOT FOUND (ABORTING MOD): 
----------------------------------------------------------------------


---------- Date: 2017-11-03 13:29:33 ~ IP : 93.76.251.217 ----------
REQUEST URI : /
MOD DETAILS:
   modFile   : /var/www/fisherway/data/www/fisherway.com.ua/vqmod/xml/automatic-stickers1-2.xml
   id        : 
   version   : 1.2
   vqmver    : 
   author    : Sergey Milus

File Name    : catalog/controller/module/bestseller.php(2)
VQModObject::applyMod - EMPTY SEARCH CONTENT ERROR

File Name    : catalog/controller/module/bestseller.php(2)
VQModObject::applyMod - SEARCH NOT FOUND (ABORTING MOD): 
----------------------------------------------------------------------


---------- Date: 2017-11-03 13:29:37 ~ IP : 37.9.113.199 ----------
REQUEST URI : /osnastka_leski_0-165,0-2
MOD DETAILS:
   modFile   : /var/www/fisherway/data/www/fisherway.com.ua/vqmod/xml/filterpro_seo_ocstore_1.5.5.x.xml
   id        : Filterpro seo
   version   : 1.5.[1-4]
   vqmver    : 2.1.6(7)
   author    : s-m-o-k@list.ru

File Name    : catalog/controller/product/category.php(1)
VQModObject::applyMod - SEARCH NOT FOUND (ABORTING MOD): $results = $this->model_catalog_product->getProducts($data);
----------------------------------------------------------------------


---------- Date: 2017-11-03 13:30:16 ~ IP : 37.9.113.199 ----------
REQUEST URI : /osnastka_montazh_kryuchki2_nezatseplyayka,troyniki
MOD DETAILS:
   modFile   : /var/www/fisherway/data/www/fisherway.com.ua/vqmod/xml/filterpro_seo_ocstore_1.5.5.x.xml
   id        : Filterpro seo
   version   : 1.5.[1-4]
   vqmver    : 2.1.6(7)
   author    : s-m-o-k@list.ru

File Name    : catalog/controller/product/category.php(1)
VQModObject::applyMod - SEARCH NOT FOUND (ABORTING MOD): $results = $this->model_catalog_product->getProducts($data);
----------------------------------------------------------------------


---------- Date: 2017-11-03 13:30:20 ~ IP : 93.76.251.217 ----------
REQUEST URI : /
MOD DETAILS:
   modFile   : /var/www/fisherway/data/www/fisherway.com.ua/vqmod/xml/automatic-stickers1-2.xml
   id        : 
   version   : 1.2
   vqmver    : 
   author    : Sergey Milus

File Name    : catalog/controller/module/bestseller.php(2)
VQModObject::applyMod - EMPTY SEARCH CONTENT ERROR

File Name    : catalog/controller/module/bestseller.php(2)
VQModObject::applyMod - SEARCH NOT FOUND (ABORTING MOD): 
----------------------------------------------------------------------


---------- Date: 2017-11-03 13:31:20 ~ IP : 85.90.203.74 ----------
REQUEST URI : /admin/index.php?route=catalog/product/insert&amp;token=0e7b41281e27bd992d370cd7aa648e9b&amp;filter_name=%D0%BA%D1%80%D0%B0%D0%BF%D0%B0%D0%BB%D1%8C&amp;sort=pd.name&amp;order=ASC
MOD DETAILS:
   modFile   : /var/www/fisherway/data/www/fisherway.com.ua/vqmod/xml/add-product-1.5.6.1.xml
   id        : ADD PRODUCT IN ONE PAGE
   version   : 1
   vqmver    : 2.3.x
   author    : noan

File Name    : admin/view/template/catalog/product_form.tpl(0)
VQModObject::applyMod - SEARCH NOT FOUND (ABORTING MOD): <div id="tabs" class="htabs"><a href="#tab-general"><?php echo $tab_general; ?></a><a href="#tab-data"><?php echo $tab_data; ?></a><a href="#tab-links"><?php echo $tab_links; ?></a><a href="#tab-attribute"><?php echo $tab_attribute; ?></a><a href="#tab-option"><?php echo $tab_option; ?></a><a href="#tab-profile"><?php echo $tab_profile; ?></a><a href="#tab-discount"><?php echo $tab_discount; ?></a><a href="#tab-special"><?php echo $tab_special; ?></a><a href="#tab-image"><?php echo $tab_image; ?></a><a href="#tab-reward"><?php echo $tab_reward; ?></a><a href="#tab-design"><?php echo $tab_design; ?></a></div>

----------------------------------------------------------------------


---------- Date: 2017-11-03 13:31:22 ~ IP : 85.90.203.74 ----------
REQUEST URI : /index.php?route=product/search&amp;search=rudra&amp;description=true&amp;sub_category=true
MOD DETAILS:
   modFile   : /var/www/fisherway/data/www/fisherway.com.ua/vqmod/xml/automatic-stickers1-2.xml
   id        : 
   version   : 1.2
   vqmver    : 
   author    : Sergey Milus

File Name    : catalog/controller/product/search.php(2)
VQModObject::applyMod - EMPTY SEARCH CONTENT ERROR

File Name    : catalog/controller/product/search.php(2)
VQModObject::applyMod - SEARCH NOT FOUND (ABORTING MOD): 
----------------------------------------------------------------------


---------- Date: 2017-11-03 13:31:38 ~ IP : 93.76.251.217 ----------
REQUEST URI : /
MOD DETAILS:
   modFile   : /var/www/fisherway/data/www/fisherway.com.ua/vqmod/xml/automatic-stickers1-2.xml
   id        : 
   version   : 1.2
   vqmver    : 
   author    : Sergey Milus

File Name    : catalog/controller/module/bestseller.php(2)
VQModObject::applyMod - EMPTY SEARCH CONTENT ERROR

File Name    : catalog/controller/module/bestseller.php(2)
VQModObject::applyMod - SEARCH NOT FOUND (ABORTING MOD): 
----------------------------------------------------------------------


---------- Date: 2017-11-03 13:31:39 ~ IP : 68.180.229.219 ----------
REQUEST URI : /osnastka_35
MOD DETAILS:
   modFile   : /var/www/fisherway/data/www/fisherway.com.ua/vqmod/xml/filterpro_seo_ocstore_1.5.5.x.xml
   id        : Filterpro seo
   version   : 1.5.[1-4]
   vqmver    : 2.1.6(7)
   author    : s-m-o-k@list.ru

File Name    : catalog/controller/product/category.php(1)
VQModObject::applyMod - SEARCH NOT FOUND (ABORTING MOD): $results = $this->model_catalog_product->getProducts($data);
----------------------------------------------------------------------


---------- Date: 2017-11-03 13:33:19 ~ IP : 85.90.203.74 ----------
REQUEST URI : /admin/index.php?route=catalog/product/insert&amp;token=0e7b41281e27bd992d370cd7aa648e9b&amp;filter_name=%D0%BA%D1%80%D0%B0%D0%BF%D0%B0%D0%BB%D1%8C&amp;sort=pd.name&amp;order=ASC
MOD DETAILS:
   modFile   : /var/www/fisherway/data/www/fisherway.com.ua/vqmod/xml/add-product-1.5.6.1.xml
   id        : ADD PRODUCT IN ONE PAGE
   version   : 1
   vqmver    : 2.3.x
   author    : noan

File Name    : admin/view/template/catalog/product_form.tpl(0)
VQModObject::applyMod - SEARCH NOT FOUND (ABORTING MOD): <div id="tabs" class="htabs"><a href="#tab-general"><?php echo $tab_general; ?></a><a href="#tab-data"><?php echo $tab_data; ?></a><a href="#tab-links"><?php echo $tab_links; ?></a><a href="#tab-attribute"><?php echo $tab_attribute; ?></a><a href="#tab-option"><?php echo $tab_option; ?></a><a href="#tab-profile"><?php echo $tab_profile; ?></a><a href="#tab-discount"><?php echo $tab_discount; ?></a><a href="#tab-special"><?php echo $tab_special; ?></a><a href="#tab-image"><?php echo $tab_image; ?></a><a href="#tab-reward"><?php echo $tab_reward; ?></a><a href="#tab-design"><?php echo $tab_design; ?></a></div>

----------------------------------------------------------------------


---------- Date: 2017-11-03 13:33:53 ~ IP : 93.76.251.217 ----------
REQUEST URI : /
MOD DETAILS:
   modFile   : /var/www/fisherway/data/www/fisherway.com.ua/vqmod/xml/automatic-stickers1-2.xml
   id        : 
   version   : 1.2
   vqmver    : 
   author    : Sergey Milus

File Name    : catalog/controller/module/bestseller.php(2)
VQModObject::applyMod - EMPTY SEARCH CONTENT ERROR

File Name    : catalog/controller/module/bestseller.php(2)
VQModObject::applyMod - SEARCH NOT FOUND (ABORTING MOD): 
----------------------------------------------------------------------


---------- Date: 2017-11-03 13:34:07 ~ IP : 46.201.191.43 ----------
REQUEST URI : /aksessuary_yashhiki_zimniy
MOD DETAILS:
   modFile   : /var/www/fisherway/data/www/fisherway.com.ua/vqmod/xml/filterpro_seo_ocstore_1.5.5.x.xml
   id        : Filterpro seo
   version   : 1.5.[1-4]
   vqmver    : 2.1.6(7)
   author    : s-m-o-k@list.ru

File Name    : catalog/controller/product/category.php(1)
VQModObject::applyMod - SEARCH NOT FOUND (ABORTING MOD): $results = $this->model_catalog_product->getProducts($data);
----------------------------------------------------------------------


---------- Date: 2017-11-03 13:34:12 ~ IP : 93.76.251.217 ----------
REQUEST URI : /
MOD DETAILS:
   modFile   : /var/www/fisherway/data/www/fisherway.com.ua/vqmod/xml/automatic-stickers1-2.xml
   id        : 
   version   : 1.2
   vqmver    : 
   author    : Sergey Milus

File Name    : catalog/view/theme/*/template/module/bestseller.tpl(0)
VQModObject::applyMod - SEARCH NOT FOUND (ABORTING MOD): <div class="image">
----------------------------------------------------------------------


---------- Date: 2017-11-03 13:34:26 ~ IP : 85.90.203.74 ----------
REQUEST URI : /admin/index.php?route=catalog/product/insert&amp;token=0e7b41281e27bd992d370cd7aa648e9b&amp;filter_name=%D0%BA%D1%80%D0%B0%D0%BF%D0%B0%D0%BB%D1%8C&amp;sort=pd.name&amp;order=ASC
MOD DETAILS:
   modFile   : /var/www/fisherway/data/www/fisherway.com.ua/vqmod/xml/add-product-1.5.6.1.xml
   id        : ADD PRODUCT IN ONE PAGE
   version   : 1
   vqmver    : 2.3.x
   author    : noan

File Name    : admin/view/template/catalog/product_form.tpl(0)
VQModObject::applyMod - SEARCH NOT FOUND (ABORTING MOD): <div id="tabs" class="htabs"><a href="#tab-general"><?php echo $tab_general; ?></a><a href="#tab-data"><?php echo $tab_data; ?></a><a href="#tab-links"><?php echo $tab_links; ?></a><a href="#tab-attribute"><?php echo $tab_attribute; ?></a><a href="#tab-option"><?php echo $tab_option; ?></a><a href="#tab-profile"><?php echo $tab_profile; ?></a><a href="#tab-discount"><?php echo $tab_discount; ?></a><a href="#tab-special"><?php echo $tab_special; ?></a><a href="#tab-image"><?php echo $tab_image; ?></a><a href="#tab-reward"><?php echo $tab_reward; ?></a><a href="#tab-design"><?php echo $tab_design; ?></a></div>

----------------------------------------------------------------------


---------- Date: 2017-11-03 13:35:21 ~ IP : 37.9.113.199 ----------
REQUEST URI : /primanki_krab,kukuruza,med,myusli,persik,fruktoviy_karp
MOD DETAILS:
   modFile   : /var/www/fisherway/data/www/fisherway.com.ua/vqmod/xml/filterpro_seo_ocstore_1.5.5.x.xml
   id        : Filterpro seo
   version   : 1.5.[1-4]
   vqmver    : 2.1.6(7)
   author    : s-m-o-k@list.ru

File Name    : catalog/controller/product/category.php(1)
VQModObject::applyMod - SEARCH NOT FOUND (ABORTING MOD): $results = $this->model_catalog_product->getProducts($data);
----------------------------------------------------------------------


---------- Date: 2017-11-03 13:36:29 ~ IP : 93.76.251.217 ----------
REQUEST URI : /
MOD DETAILS:
   modFile   : /var/www/fisherway/data/www/fisherway.com.ua/vqmod/xml/automatic-stickers1-2.xml
   id        : 
   version   : 1.2
   vqmver    : 
   author    : Sergey Milus

File Name    : catalog/controller/module/bestseller.php(2)
VQModObject::applyMod - EMPTY SEARCH CONTENT ERROR

File Name    : catalog/controller/module/bestseller.php(2)
VQModObject::applyMod - SEARCH NOT FOUND (ABORTING MOD): 
----------------------------------------------------------------------


---------- Date: 2017-11-03 13:36:33 ~ IP : 37.9.113.199 ----------
REQUEST URI : /spinning-wobblers_tarpon_minnou,rattlin_tviching,trolling
MOD DETAILS:
   modFile   : /var/www/fisherway/data/www/fisherway.com.ua/vqmod/xml/filterpro_seo_ocstore_1.5.5.x.xml
   id        : Filterpro seo
   version   : 1.5.[1-4]
   vqmver    : 2.1.6(7)
   author    : s-m-o-k@list.ru

File Name    : catalog/controller/product/category.php(1)
VQModObject::applyMod - SEARCH NOT FOUND (ABORTING MOD): $results = $this->model_catalog_product->getProducts($data);
----------------------------------------------------------------------


---------- Date: 2017-11-03 13:38:35 ~ IP : 85.90.203.74 ----------
REQUEST URI : /admin/index.php?route=catalog/product/insert&amp;token=0e7b41281e27bd992d370cd7aa648e9b&amp;filter_name=%D0%BA%D1%80%D0%B0%D0%BF%D0%B0%D0%BB%D1%8C&amp;sort=pd.name&amp;order=ASC
MOD DETAILS:
   modFile   : /var/www/fisherway/data/www/fisherway.com.ua/vqmod/xml/add-product-1.5.6.1.xml
   id        : ADD PRODUCT IN ONE PAGE
   version   : 1
   vqmver    : 2.3.x
   author    : noan

File Name    : admin/view/template/catalog/product_form.tpl(0)
VQModObject::applyMod - SEARCH NOT FOUND (ABORTING MOD): <div id="tabs" class="htabs"><a href="#tab-general"><?php echo $tab_general; ?></a><a href="#tab-data"><?php echo $tab_data; ?></a><a href="#tab-links"><?php echo $tab_links; ?></a><a href="#tab-attribute"><?php echo $tab_attribute; ?></a><a href="#tab-option"><?php echo $tab_option; ?></a><a href="#tab-profile"><?php echo $tab_profile; ?></a><a href="#tab-discount"><?php echo $tab_discount; ?></a><a href="#tab-special"><?php echo $tab_special; ?></a><a href="#tab-image"><?php echo $tab_image; ?></a><a href="#tab-reward"><?php echo $tab_reward; ?></a><a href="#tab-design"><?php echo $tab_design; ?></a></div>

----------------------------------------------------------------------


---------- Date: 2017-11-03 14:00:16 ~ IP : 93.76.251.217 ----------
REQUEST URI : /
MOD DETAILS:
   modFile   : /var/www/fisherway/data/www/fisherway.com.ua/vqmod/xml/automatic-stickers1-2.xml
   id        : 
   version   : 1.2
   vqmver    : 
   author    : Sergey Milus

File Name    : catalog/controller/module/bestseller.php(2)
VQModObject::applyMod - EMPTY SEARCH CONTENT ERROR

File Name    : catalog/controller/module/bestseller.php(2)
VQModObject::applyMod - SEARCH NOT FOUND (ABORTING MOD): 
----------------------------------------------------------------------


---------- Date: 2017-11-03 14:00:16 ~ IP : 66.249.76.93 ----------
REQUEST URI : /udilishha_donnye_fidernye_plotva,sazan_hevi_3-9-9
MOD DETAILS:
   modFile   : /var/www/fisherway/data/www/fisherway.com.ua/vqmod/xml/filterpro_seo_ocstore_1.5.5.x.xml
   id        : Filterpro seo
   version   : 1.5.[1-4]
   vqmver    : 2.1.6(7)
   author    : s-m-o-k@list.ru

File Name    : catalog/controller/product/category.php(1)
VQModObject::applyMod - SEARCH NOT FOUND (ABORTING MOD): $results = $this->model_catalog_product->getProducts($data);
----------------------------------------------------------------------


---------- Date: 2017-11-03 14:01:24 ~ IP : 93.76.251.217 ----------
REQUEST URI : /
MOD DETAILS:
   modFile   : /var/www/fisherway/data/www/fisherway.com.ua/vqmod/xml/automatic-stickers1-2.xml
   id        : 
   version   : 1.2
   vqmver    : 
   author    : Sergey Milus

File Name    : catalog/controller/module/bestseller.php(2)
VQModObject::applyMod - EMPTY SEARCH CONTENT ERROR

File Name    : catalog/controller/module/bestseller.php(2)
VQModObject::applyMod - SEARCH NOT FOUND (ABORTING MOD): 
----------------------------------------------------------------------


---------- Date: 2017-11-03 14:01:26 ~ IP : 178.137.133.145 ----------
REQUEST URI : /primanki_na-hishhnika2_spinning-spoons_lucky-john-2
MOD DETAILS:
   modFile   : /var/www/fisherway/data/www/fisherway.com.ua/vqmod/xml/filterpro_seo_ocstore_1.5.5.x.xml
   id        : Filterpro seo
   version   : 1.5.[1-4]
   vqmver    : 2.1.6(7)
   author    : s-m-o-k@list.ru

File Name    : catalog/controller/product/category.php(1)
VQModObject::applyMod - SEARCH NOT FOUND (ABORTING MOD): $results = $this->model_catalog_product->getProducts($data);
----------------------------------------------------------------------


---------- Date: 2017-11-03 14:01:35 ~ IP : 93.76.251.217 ----------
REQUEST URI : /
MOD DETAILS:
   modFile   : /var/www/fisherway/data/www/fisherway.com.ua/vqmod/xml/automatic-stickers1-2.xml
   id        : 
   version   : 1.2
   vqmver    : 
   author    : Sergey Milus

File Name    : catalog/controller/module/latest.php(1)
VQModObject::applyMod - SEARCH NOT FOUND (ABORTING MOD): 'special' 	 => $special,
----------------------------------------------------------------------


---------- Date: 2017-11-03 14:04:38 ~ IP : 93.76.251.217 ----------
REQUEST URI : /
MOD DETAILS:
   modFile   : /var/www/fisherway/data/www/fisherway.com.ua/vqmod/xml/additional.xml
   id        : additional fix
   version   : 1.0
   vqmver    : 1.0.8
   author    : max

File Name    : catalog/model/catalog/product.php(0)
VQModObject::applyMod - SEARCH NOT FOUND (ABORTING MOD): . " p.model, "

----------------------------------------------------------------------


---------- Date: 2017-11-03 14:05:58 ~ IP : 93.76.251.217 ----------
REQUEST URI : /
MOD DETAILS:
   modFile   : /var/www/fisherway/data/www/fisherway.com.ua/vqmod/xml/automatic-stickers1-2.xml
   id        : 
   version   : 1.2
   vqmver    : 
   author    : Sergey Milus

File Name    : catalog/controller/module/bestseller.php(2)
VQModObject::applyMod - EMPTY SEARCH CONTENT ERROR

File Name    : catalog/controller/module/bestseller.php(2)
VQModObject::applyMod - SEARCH NOT FOUND (ABORTING MOD): 
----------------------------------------------------------------------


---------- Date: 2017-11-03 14:06:09 ~ IP : 213.179.234.252 ----------
REQUEST URI : /snaryazhenie/winter-shoes/sapogi
MOD DETAILS:
   modFile   : /var/www/fisherway/data/www/fisherway.com.ua/vqmod/xml/filterpro_seo_ocstore_1.5.5.x.xml
   id        : Filterpro seo
   version   : 1.5.[1-4]
   vqmver    : 2.1.6(7)
   author    : s-m-o-k@list.ru

File Name    : catalog/controller/product/category.php(1)
VQModObject::applyMod - SEARCH NOT FOUND (ABORTING MOD): $results = $this->model_catalog_product->getProducts($data);
----------------------------------------------------------------------


---------- Date: 2017-11-03 14:07:24 ~ IP : 68.180.229.219 ----------
REQUEST URI : /udilishha_donnye_fidernye_3-30-2,3-75-3
MOD DETAILS:
   modFile   : /var/www/fisherway/data/www/fisherway.com.ua/vqmod/xml/filterpro_seo_ocstore_1.5.5.x.xml
   id        : Filterpro seo
   version   : 1.5.[1-4]
   vqmver    : 2.1.6(7)
   author    : s-m-o-k@list.ru

File Name    : catalog/controller/product/category.php(1)
VQModObject::applyMod - SEARCH NOT FOUND (ABORTING MOD): $results = $this->model_catalog_product->getProducts($data);
----------------------------------------------------------------------


---------- Date: 2017-11-03 14:07:26 ~ IP : 85.90.203.74 ----------
REQUEST URI : /
MOD DETAILS:
   modFile   : /var/www/fisherway/data/www/fisherway.com.ua/vqmod/xml/automatic-stickers1-2.xml
   id        : 
   version   : 1.2
   vqmver    : 
   author    : Sergey Milus

File Name    : catalog/controller/module/bestseller.php(2)
VQModObject::applyMod - EMPTY SEARCH CONTENT ERROR

File Name    : catalog/controller/module/bestseller.php(2)
VQModObject::applyMod - SEARCH NOT FOUND (ABORTING MOD): 
----------------------------------------------------------------------


---------- Date: 2017-11-03 14:08:02 ~ IP : 37.54.120.6 ----------
REQUEST URI : /
MOD DETAILS:
   modFile   : /var/www/fisherway/data/www/fisherway.com.ua/vqmod/xml/automatic-stickers1-2.xml
   id        : 
   version   : 1.2
   vqmver    : 
   author    : Sergey Milus

File Name    : catalog/controller/module/bestseller.php(2)
VQModObject::applyMod - EMPTY SEARCH CONTENT ERROR

File Name    : catalog/controller/module/bestseller.php(2)
VQModObject::applyMod - SEARCH NOT FOUND (ABORTING MOD): 
----------------------------------------------------------------------


---------- Date: 2017-11-03 14:08:05 ~ IP : 37.9.113.60 ----------
REQUEST URI : /primanki_24,3-35,5-6-2
MOD DETAILS:
   modFile   : /var/www/fisherway/data/www/fisherway.com.ua/vqmod/xml/filterpro_seo_ocstore_1.5.5.x.xml
   id        : Filterpro seo
   version   : 1.5.[1-4]
   vqmver    : 2.1.6(7)
   author    : s-m-o-k@list.ru

File Name    : catalog/controller/product/category.php(1)
VQModObject::applyMod - SEARCH NOT FOUND (ABORTING MOD): $results = $this->model_catalog_product->getProducts($data);
----------------------------------------------------------------------


---------- Date: 2017-11-03 14:36:11 ~ IP : 93.76.251.217 ----------
REQUEST URI : /
MOD DETAILS:
   modFile   : /var/www/fisherway/data/www/fisherway.com.ua/vqmod/xml/automatic-stickers1-2.xml
   id        : 
   version   : 1.2
   vqmver    : 
   author    : Sergey Milus

File Name    : catalog/controller/module/bestseller.php(2)
VQModObject::applyMod - EMPTY SEARCH CONTENT ERROR

File Name    : catalog/controller/module/bestseller.php(2)
VQModObject::applyMod - SEARCH NOT FOUND (ABORTING MOD): 
----------------------------------------------------------------------


---------- Date: 2017-11-03 14:36:20 ~ IP : 46.98.48.186 ----------
REQUEST URI : /udilishha_na-hishhnika_spinningovye_zemex-2_sverhbistriy
MOD DETAILS:
   modFile   : /var/www/fisherway/data/www/fisherway.com.ua/vqmod/xml/filterpro_seo_ocstore_1.5.5.x.xml
   id        : Filterpro seo
   version   : 1.5.[1-4]
   vqmver    : 2.1.6(7)
   author    : s-m-o-k@list.ru

File Name    : catalog/controller/product/category.php(1)
VQModObject::applyMod - SEARCH NOT FOUND (ABORTING MOD): $results = $this->model_catalog_product->getProducts($data);
----------------------------------------------------------------------


---------- Date: 2017-11-03 14:42:37 ~ IP : 85.90.203.74 ----------
REQUEST URI : /admin/index.php?route=catalog/product/insert&amp;token=0e7b41281e27bd992d370cd7aa648e9b&amp;filter_name=%D0%BA%D1%80%D0%B0%D0%BF%D0%B0%D0%BB%D1%8C&amp;sort=pd.name&amp;order=ASC
MOD DETAILS:
   modFile   : /var/www/fisherway/data/www/fisherway.com.ua/vqmod/xml/add-product-1.5.6.1.xml
   id        : ADD PRODUCT IN ONE PAGE
   version   : 1
   vqmver    : 2.3.x
   author    : noan

File Name    : admin/view/template/catalog/product_form.tpl(0)
VQModObject::applyMod - SEARCH NOT FOUND (ABORTING MOD): <div id="tabs" class="htabs"><a href="#tab-general"><?php echo $tab_general; ?></a><a href="#tab-data"><?php echo $tab_data; ?></a><a href="#tab-links"><?php echo $tab_links; ?></a><a href="#tab-attribute"><?php echo $tab_attribute; ?></a><a href="#tab-option"><?php echo $tab_option; ?></a><a href="#tab-profile"><?php echo $tab_profile; ?></a><a href="#tab-discount"><?php echo $tab_discount; ?></a><a href="#tab-special"><?php echo $tab_special; ?></a><a href="#tab-image"><?php echo $tab_image; ?></a><a href="#tab-reward"><?php echo $tab_reward; ?></a><a href="#tab-design"><?php echo $tab_design; ?></a></div>

----------------------------------------------------------------------


---------- Date: 2017-11-03 14:52:28 ~ IP : 178.151.120.42 ----------
REQUEST URI : /index.php?route=product/search&amp;search=%D1%81%D0%B0%D0%BF%D0%BE%D0%B3%D0%B8&amp;description=true&amp;sub_category=true
MOD DETAILS:
   modFile   : /var/www/fisherway/data/www/fisherway.com.ua/vqmod/xml/automatic-stickers1-2.xml
   id        : 
   version   : 1.2
   vqmver    : 
   author    : Sergey Milus

File Name    : catalog/controller/product/search.php(2)
VQModObject::applyMod - EMPTY SEARCH CONTENT ERROR

File Name    : catalog/controller/product/search.php(2)
VQModObject::applyMod - SEARCH NOT FOUND (ABORTING MOD): 
----------------------------------------------------------------------


---------- Date: 2017-11-03 22:32:18 ~ IP : 37.9.113.199 ----------
REQUEST URI : /primanki_4-36,6-33,9-27
MOD DETAILS:
   modFile   : /var/www/fisherway/data/www/fisherway.com.ua/vqmod/xml/filterpro_seo_ocstore_1.5.5.x.xml
   id        : Filterpro seo
   version   : 1.5.[1-4]
   vqmver    : 2.1.6(7)
   author    : s-m-o-k@list.ru

File Name    : catalog/controller/product/category.php(1)
VQModObject::applyMod - SEARCH NOT FOUND (ABORTING MOD): $results = $this->model_catalog_product->getProducts($data);
----------------------------------------------------------------------


---------- Date: 2017-11-03 22:33:19 ~ IP : 37.9.113.199 ----------
REQUEST URI : /primanki_k-g-1,anis,klubnika,krab,kukuruza_karp,plotva
MOD DETAILS:
   modFile   : /var/www/fisherway/data/www/fisherway.com.ua/vqmod/xml/filterpro_seo_ocstore_1.5.5.x.xml
   id        : Filterpro seo
   version   : 1.5.[1-4]
   vqmver    : 2.1.6(7)
   author    : s-m-o-k@list.ru

File Name    : catalog/controller/product/category.php(1)
VQModObject::applyMod - SEARCH NOT FOUND (ABORTING MOD): $results = $this->model_catalog_product->getProducts($data);
----------------------------------------------------------------------


---------- Date: 2017-11-03 22:33:44 ~ IP : 66.249.92.77 ----------
REQUEST URI : /
MOD DETAILS:
   modFile   : /var/www/fisherway/data/www/fisherway.com.ua/vqmod/xml/automatic-stickers1-2.xml
   id        : 
   version   : 1.2
   vqmver    : 
   author    : Sergey Milus

File Name    : catalog/controller/module/bestseller.php(2)
VQModObject::applyMod - EMPTY SEARCH CONTENT ERROR

File Name    : catalog/controller/module/bestseller.php(2)
VQModObject::applyMod - SEARCH NOT FOUND (ABORTING MOD): 
----------------------------------------------------------------------


---------- Date: 2017-11-03 22:43:55 ~ IP : 188.0.77.74 ----------
REQUEST URI : /index.php?route=product/search&amp;search=salmo%20perch&amp;description=true&amp;sub_category=true
MOD DETAILS:
   modFile   : /var/www/fisherway/data/www/fisherway.com.ua/vqmod/xml/automatic-stickers1-2.xml
   id        : 
   version   : 1.2
   vqmver    : 
   author    : Sergey Milus

File Name    : catalog/controller/product/search.php(2)
VQModObject::applyMod - EMPTY SEARCH CONTENT ERROR

File Name    : catalog/controller/product/search.php(2)
VQModObject::applyMod - SEARCH NOT FOUND (ABORTING MOD): 
----------------------------------------------------------------------


