---------- Date: 2017-11-04 15:30:20 ~ IP : 68.180.229.219 ----------
REQUEST URI : /komli_1-83-2,2-2-9
MOD DETAILS:
   modFile   : /var/www/fisherway/data/www/fisherway.com.ua/vqmod/xml/filterpro_seo_ocstore_1.5.5.x.xml
   id        : Filterpro seo
   version   : 1.5.[1-4]
   vqmver    : 2.1.6(7)
   author    : s-m-o-k@list.ru

File Name    : catalog/controller/product/category.php(1)
VQModObject::applyMod - SEARCH NOT FOUND (ABORTING MOD): $results = $this->model_catalog_product->getProducts($data);
----------------------------------------------------------------------


---------- Date: 2017-11-04 15:31:07 ~ IP : 178.62.237.88 ----------
REQUEST URI : /
MOD DETAILS:
   modFile   : /var/www/fisherway/data/www/fisherway.com.ua/vqmod/xml/automatic-stickers1-2.xml
   id        : 
   version   : 1.2
   vqmver    : 
   author    : Sergey Milus

File Name    : catalog/controller/module/bestseller.php(2)
VQModObject::applyMod - EMPTY SEARCH CONTENT ERROR

File Name    : catalog/controller/module/bestseller.php(2)
VQModObject::applyMod - SEARCH NOT FOUND (ABORTING MOD): 
----------------------------------------------------------------------


---------- Date: 2017-11-04 16:17:18 ~ IP : 178.92.8.9 ----------
REQUEST URI : /index.php?route=product/search
MOD DETAILS:
   modFile   : /var/www/fisherway/data/www/fisherway.com.ua/vqmod/xml/automatic-stickers1-2.xml
   id        : 
   version   : 1.2
   vqmver    : 
   author    : Sergey Milus

File Name    : catalog/controller/product/search.php(2)
VQModObject::applyMod - EMPTY SEARCH CONTENT ERROR

File Name    : catalog/controller/product/search.php(2)
VQModObject::applyMod - SEARCH NOT FOUND (ABORTING MOD): 
----------------------------------------------------------------------


